{
  "Cucumber Features": {
    "coverage": {
      "/home/saasbook/Documents/hw-bdd-tdd-cycle/hw4/app/models/movie.rb": [
        1,
        null,
        1,
        null,
        null,
        1,
        1,
        null,
        null,
        1,
        2,
        null,
        null,
        2,
        1,
        null,
        1,
        1,
        null,
        null,
        null
      ],
      "/home/saasbook/Documents/hw-bdd-tdd-cycle/hw4/app/controllers/movies_controller.rb": [
        1,
        null,
        1,
        1,
        null,
        null,
        1,
        3,
        3,
        null,
        null,
        null,
        1,
        1,
        1,
        null,
        0,
        null,
        0,
        null,
        1,
        1,
        null,
        1,
        6,
        null,
        null,
        1,
        0,
        0,
        0,
        null,
        1,
        null,
        null,
        1,
        null,
        null,
        null,
        1,
        0,
        0,
        0,
        null,
        null,
        1,
        1,
        null,
        null,
        1,
        1,
        1,
        1,
        1,
        null,
        null,
        1,
        0,
        0,
        0,
        0,
        null,
        null,
        null,
        1,
        2,
        2,
        2,
        1,
        1,
        1,
        null,
        null,
        null,
        null
      ],
      "/home/saasbook/Documents/hw-bdd-tdd-cycle/hw4/app/controllers/application_controller.rb": [
        1,
        1,
        null
      ],
      "/home/saasbook/Documents/hw-bdd-tdd-cycle/hw4/app/helpers/application_helper.rb": [
        1,
        null
      ],
      "/home/saasbook/Documents/hw-bdd-tdd-cycle/hw4/app/helpers/movies_helper.rb": [
        1,
        null,
        1,
        0,
        null,
        null
      ]
    },
    "timestamp": 1448929864
  },
  "RSpec": {
    "coverage": {
      "/home/saasbook/Documents/hw-bdd-tdd-cycle/hw4/app/controllers/movies_controller.rb": [
        1,
        null,
        1,
        0,
        null,
        null,
        1,
        0,
        0,
        null,
        null,
        null,
        1,
        0,
        0,
        null,
        0,
        null,
        0,
        null,
        0,
        0,
        null,
        0,
        0,
        null,
        null,
        0,
        0,
        0,
        0,
        null,
        0,
        null,
        null,
        1,
        null,
        null,
        null,
        1,
        0,
        0,
        0,
        null,
        null,
        1,
        0,
        null,
        null,
        1,
        0,
        0,
        0,
        0,
        null,
        null,
        1,
        0,
        0,
        0,
        0,
        null,
        null,
        null,
        1,
        4,
        4,
        4,
        0,
        0,
        0,
        null,
        null,
        null,
        null
      ],
      "/home/saasbook/Documents/hw-bdd-tdd-cycle/hw4/app/controllers/application_controller.rb": [
        1,
        1,
        null
      ],
      "/home/saasbook/Documents/hw-bdd-tdd-cycle/hw4/app/models/movie.rb": [
        1,
        null,
        1,
        null,
        null,
        1,
        0,
        null,
        null,
        1,
        2,
        null,
        null,
        2,
        1,
        null,
        1,
        1,
        null,
        null,
        null
      ]
    },
    "timestamp": 1448930308
  }
}
